[35m[Appium][39m Welcome to Appium v2.5.0
[35m[Appium][39m Non-default server args:
[35m[Appium][39m { basePath: [32m'/wd/hub'[39m, loglevel: [32m'info'[39m, port: [33m9281[39m }
[35m[Appium][39m Attempting to load driver uiautomator2...
[35m[Appium][39m Appium REST http interface listener started on http://0.0.0.0:9281/wd/hub
[35m[Appium][39m You can provide the following URLs in your client code to connect to this server:
[35m[Appium][39m 	http://172.16.213.219:9281/wd/hub
[35m[Appium][39m 	http://127.0.0.1:9281/wd/hub (only accessible from the same host)
[35m[Appium][39m Available drivers:
[35m[Appium][39m   - uiautomator2@3.0.0 (automationName 'UiAutomator2')
[35m[Appium][39m No plugins have been installed. Use the "appium plugin" command to install the one(s) you want to use.
[38;5;0m[HTTP][0m [37m-->[39m [37mGET[39m [37m/wd/hub/status[39m
[38;5;0m[HTTP][0m [90m{}[39m
[38;5;0m[HTTP][0m [37m<-- GET /wd/hub/status [39m[32m200[39m [90m5 ms - 110[39m
[38;5;0m[HTTP][0m [90m[39m
[38;5;0m[HTTP][0m [37m-->[39m [37mPOST[39m [37m/wd/hub/session[39m
[38;5;0m[HTTP][0m [90m{"desiredCapabilities":{"appium:systemPort":9280,"appium:newCommandTimeout":1800,"appium:automationName":"uiautomator2","appium:fullReset":true,"appium:platformVersion":"13","appium:noReset":false,"appium:udid":"DQROLNJZNNVKEUDI","appium:autoGrantPermissions":true,"appium:platformName":"ANDROID","appium:deviceName":"realme RMX3572 (Android 13)","platformName":"Android","appium:app":"C:\\Users\\skyne\\Documents\\1. BRI\\Bootcampt\\Automation\\mobile\\Solodroid_E-CommerceApp Demo_3.2.0.apk"},"capabilities":{"firstMatch":[{"appium:app":"C:\\Users\\skyne\\Documents\\1. BRI\\Bootcampt\\Automation\\mobile\\Solodroid_E-CommerceApp Demo_3.2.0.apk","appium:autoGrantPermissions":true,"appium:automationName":"uiautomator2","appium:deviceName":"realme RMX3572 (Android 13)","appium:fullReset":true,"appium:newCommandTimeout":1800,"appium:noReset":false,"appium:platformName":"ANDROID","appium:platformVersion":"13","appium:systemPort":9280,"appium:udid":"DQROLNJZNNVKEUDI","platformName":"android"}]}}[39m
[38;5;32m[BaseDriver][0m Ignoring capability 'appium:platformName=ANDROID' and using capability 'platformName=android'
[38;5;32m[BaseDriver][0m The capabilities ["platformName"] are standard capabilities and do not require "appium:" prefix
[35m[Appium][39m Attempting to find matching driver for automationName 'uiautomator2' and platformName 'android'
[35m[Appium][39m The 'uiautomator2' driver was installed and matched caps.
[35m[Appium][39m Will require it at C:\Users\skyne\.appium\node_modules\appium-uiautomator2-driver
[38;5;16m[AppiumDriver@f33d][0m Appium v2.5.0 creating new AndroidUiautomator2Driver (v3.0.0) session
[38;5;16m[AppiumDriver@f33d][0m Checking BaseDriver versions for Appium and AndroidUiautomator2Driver
[38;5;16m[AppiumDriver@f33d][0m Appium's BaseDriver version is 9.5.1
[38;5;16m[AppiumDriver@f33d][0m AndroidUiautomator2Driver's BaseDriver version is 9.5.1
[38;5;48m[AndroidUiautomator2Driver@b8fb (f1e8dea0)][0m Session created with session id: f1e8dea0-b0a2-4c68-8bba-402fbd8e4e98
[38;5;64m[ADB][0m Found 1 'build-tools' folders under 'C:\Users\skyne\.katalon\tools\android_sdk' (newest first):
[38;5;64m[ADB][0m     C:\Users\skyne\.katalon\tools\android_sdk\build-tools\29.0.3
[38;5;64m[ADB][0m Using 'adb.exe' from 'C:\Users\skyne\.katalon\tools\android_sdk\platform-tools\adb.exe'
[38;5;48m[AndroidUiautomator2Driver@b8fb (f1e8dea0)][0m Retrieving device list
[38;5;48m[AndroidUiautomator2Driver@b8fb (f1e8dea0)][0m Using device: DQROLNJZNNVKEUDI
[38;5;64m[ADB][0m Using 'adb.exe' from 'C:\Users\skyne\.katalon\tools\android_sdk\platform-tools\adb.exe'
[38;5;32m[BaseDriver][0m Using local app 'C:\Users\skyne\Documents\1. BRI\Bootcampt\Automation\mobile\Solodroid_E-CommerceApp Demo_3.2.0.apk'
[38;5;64m[ADB][0m Getting device platform version
[38;5;48m[AndroidUiautomator2Driver@b8fb (f1e8dea0)][0m Relaxing hidden api policy
[38;5;64m[ADB][0m Package name: 'com.solodroid.solomerce'
[38;5;64m[ADB][0m Main activity name: 'com.solodroid.solomerce.activities.ActivitySplash'
[38;5;64m[ADB][0m Using 'apksigner.jar' from 'C:\Users\skyne\.katalon\tools\android_sdk\build-tools\29.0.3\lib\apksigner.jar'
[38;5;64m[ADB][0m 'C:\Users\skyne\.appium\node_modules\appium-uiautomator2-driver\node_modules\appium-uiautomator2-server\apks\appium-uiautomator2-server-debug-androidTest.apk' is signed with the default certificate
[38;5;64m[ADB][0m 'C:\Users\skyne\Documents\1. BRI\Bootcampt\Automation\mobile\Solodroid_E-CommerceApp Demo_3.2.0.apk' is signed with a non-default certificate
[38;5;64m[ADB][0m com.solodroid.solomerce was not uninstalled, because it was not present on the device
[38;5;64m[ADB][0m The application at 'C:\Users\skyne\Documents\1. BRI\Bootcampt\Automation\mobile\Solodroid_E-CommerceApp Demo_3.2.0.apk' will not be cached, because the device under test has confirmed the support of streamed installs
[38;5;64m[ADB][0m 'C:\Users\skyne\.appium\node_modules\appium-uiautomator2-driver\node_modules\appium-uiautomator2-server\apks\appium-uiautomator2-server-v7.0.0.apk' is signed with the default certificate
[38;5;48m[AndroidUiautomator2Driver@b8fb (f1e8dea0)][0m Server packages are not going to be (re)installed
[38;5;64m[ADB][0m Adding packages ["io.appium.settings","io.appium.uiautomator2.server","io.appium.uiautomator2.server.test"] to Doze whitelist
[38;5;64m[ADB][0m The installation of 'Solodroid_E-CommerceApp Demo_3.2.0.apk' took 4773ms
[38;5;48m[AndroidUiautomator2Driver@b8fb (f1e8dea0)][0m Starting UIAutomator2 server 7.0.0
[38;5;48m[AndroidUiautomator2Driver@b8fb (f1e8dea0)][0m Using UIAutomator2 server from 'C:\Users\skyne\.appium\node_modules\appium-uiautomator2-driver\node_modules\appium-uiautomator2-server\apks\appium-uiautomator2-server-v7.0.0.apk' and test from 'C:\Users\skyne\.appium\node_modules\appium-uiautomator2-driver\node_modules\appium-uiautomator2-server\apks\appium-uiautomator2-server-debug-androidTest.apk'
[38;5;48m[AndroidUiautomator2Driver@b8fb (f1e8dea0)][0m Waiting up to 30000ms for UiAutomator2 to be online...
[38;5;48m[AndroidUiautomator2Driver@b8fb (f1e8dea0)][0m socket hang up
[38;5;48m[AndroidUiautomator2Driver@b8fb (f1e8dea0)][0m socket hang up
[38;5;48m[AndroidUiautomator2Driver@b8fb (f1e8dea0)][0m socket hang up
[38;5;48m[AndroidUiautomator2Driver@b8fb (f1e8dea0)][0m socket hang up
[38;5;48m[AndroidUiautomator2Driver@b8fb (f1e8dea0)][0m Determined the downstream protocol as 'W3C'
[38;5;48m[AndroidUiautomator2Driver@b8fb (f1e8dea0)][0m Screen already unlocked, doing nothing
[38;5;48m[AndroidUiautomator2Driver@b8fb (f1e8dea0)][0m Starting 'com.solodroid.solomerce/com.solodroid.solomerce.activities.ActivitySplash and waiting for 'com.solodroid.solomerce/com.solodroid.solomerce.activities.ActivitySplash'
[38;5;16m[AppiumDriver@f33d][0m New AndroidUiautomator2Driver session created successfully, session f1e8dea0-b0a2-4c68-8bba-402fbd8e4e98 added to master session list
[38;5;0m[HTTP][0m [37m<-- POST /wd/hub/session [39m[32m200[39m [90m11535 ms - 1310[39m
[38;5;0m[HTTP][0m [90m[39m
[38;5;0m[HTTP][0m [37m-->[39m [37mGET[39m [37m/wd/hub/session/f1e8dea0-b0a2-4c68-8bba-402fbd8e4e98[39m
[38;5;0m[HTTP][0m [90m{}[39m
[38;5;0m[HTTP][0m [37m<-- GET /wd/hub/session/f1e8dea0-b0a2-4c68-8bba-402fbd8e4e98 [39m[32m200[39m [90m10 ms - 401[39m
[38;5;0m[HTTP][0m [90m[39m
[38;5;0m[HTTP][0m [37m-->[39m [37mGET[39m [37m/wd/hub/session/f1e8dea0-b0a2-4c68-8bba-402fbd8e4e98[39m
[38;5;0m[HTTP][0m [90m{}[39m
[38;5;0m[HTTP][0m [37m<-- GET /wd/hub/session/f1e8dea0-b0a2-4c68-8bba-402fbd8e4e98 [39m[32m200[39m [90m22 ms - 401[39m
[38;5;0m[HTTP][0m [90m[39m
[38;5;0m[HTTP][0m [37m-->[39m [37mGET[39m [37m/wd/hub/status[39m
[38;5;0m[HTTP][0m [90m{}[39m
[38;5;0m[HTTP][0m [37m<-- GET /wd/hub/status [39m[32m200[39m [90m1 ms - 110[39m
[38;5;0m[HTTP][0m [90m[39m
[38;5;0m[HTTP][0m [37m-->[39m [37mPOST[39m [37m/wd/hub/session/f1e8dea0-b0a2-4c68-8bba-402fbd8e4e98/timeouts[39m
[38;5;0m[HTTP][0m [90m{"implicit":30000}[39m
[38;5;0m[HTTP][0m [37m<-- POST /wd/hub/session/f1e8dea0-b0a2-4c68-8bba-402fbd8e4e98/timeouts [39m[32m200[39m [90m3 ms - 14[39m
[38;5;0m[HTTP][0m [90m[39m
[38;5;0m[HTTP][0m [37m-->[39m [37mGET[39m [37m/wd/hub/session/f1e8dea0-b0a2-4c68-8bba-402fbd8e4e98/appium/device/system_bars[39m
[38;5;0m[HTTP][0m [90m{}[39m
[38;5;0m[HTTP][0m [37m<-- GET /wd/hub/session/f1e8dea0-b0a2-4c68-8bba-402fbd8e4e98/appium/device/system_bars [39m[32m200[39m [90m92 ms - 151[39m
[38;5;0m[HTTP][0m [90m[39m
[38;5;0m[HTTP][0m [37m-->[39m [37mPOST[39m [37m/wd/hub/session/f1e8dea0-b0a2-4c68-8bba-402fbd8e4e98/timeouts[39m
[38;5;0m[HTTP][0m [90m{"implicit":50}[39m
[38;5;0m[HTTP][0m [37m<-- POST /wd/hub/session/f1e8dea0-b0a2-4c68-8bba-402fbd8e4e98/timeouts [39m[32m200[39m [90m3 ms - 14[39m
[38;5;0m[HTTP][0m [90m[39m
[38;5;0m[HTTP][0m [37m-->[39m [37mGET[39m [37m/wd/hub/session/f1e8dea0-b0a2-4c68-8bba-402fbd8e4e98/window/rect[39m
[38;5;0m[HTTP][0m [90m{}[39m
[38;5;0m[HTTP][0m [37m<-- GET /wd/hub/session/f1e8dea0-b0a2-4c68-8bba-402fbd8e4e98/window/rect [39m[32m200[39m [90m18 ms - 50[39m
[38;5;0m[HTTP][0m [90m[39m
[38;5;0m[HTTP][0m [37m-->[39m [37mPOST[39m [37m/wd/hub/session/f1e8dea0-b0a2-4c68-8bba-402fbd8e4e98/elements[39m
[38;5;0m[HTTP][0m [90m{"using":"xpath","value":"//*[@class = 'android.widget.FrameLayout' and @resource-id = 'com.solodroid.solomerce:id/nav_profile' and (@text = '' or . = '')]"}[39m
[38;5;0m[HTTP][0m [37m<-- POST /wd/hub/session/f1e8dea0-b0a2-4c68-8bba-402fbd8e4e98/elements [39m[32m200[39m [90m1015 ms - 12[39m
[38;5;0m[HTTP][0m [90m[39m
[38;5;0m[HTTP][0m [37m-->[39m [37mPOST[39m [37m/wd/hub/session/f1e8dea0-b0a2-4c68-8bba-402fbd8e4e98/elements[39m
[38;5;0m[HTTP][0m [90m{"using":"xpath","value":"//*[@class = 'android.widget.FrameLayout' and @resource-id = 'com.solodroid.solomerce:id/nav_profile' and (@text = '' or . = '')]"}[39m
[38;5;0m[HTTP][0m [37m<-- POST /wd/hub/session/f1e8dea0-b0a2-4c68-8bba-402fbd8e4e98/elements [39m[32m200[39m [90m85 ms - 12[39m
[38;5;0m[HTTP][0m [90m[39m
[38;5;0m[HTTP][0m [37m-->[39m [37mPOST[39m [37m/wd/hub/session/f1e8dea0-b0a2-4c68-8bba-402fbd8e4e98/elements[39m
[38;5;0m[HTTP][0m [90m{"using":"xpath","value":"//*[@class = 'android.widget.FrameLayout' and @resource-id = 'com.solodroid.solomerce:id/nav_profile' and (@text = '' or . = '')]"}[39m
[38;5;0m[HTTP][0m [37m<-- POST /wd/hub/session/f1e8dea0-b0a2-4c68-8bba-402fbd8e4e98/elements [39m[32m200[39m [90m86 ms - 12[39m
[38;5;0m[HTTP][0m [90m[39m
[38;5;0m[HTTP][0m [37m-->[39m [37mPOST[39m [37m/wd/hub/session/f1e8dea0-b0a2-4c68-8bba-402fbd8e4e98/elements[39m
[38;5;0m[HTTP][0m [90m{"using":"xpath","value":"//*[@class = 'android.widget.FrameLayout' and @resource-id = 'com.solodroid.solomerce:id/nav_profile' and (@text = '' or . = '')]"}[39m
[38;5;0m[HTTP][0m [37m<-- POST /wd/hub/session/f1e8dea0-b0a2-4c68-8bba-402fbd8e4e98/elements [39m[32m200[39m [90m91 ms - 12[39m
[38;5;0m[HTTP][0m [90m[39m
[38;5;0m[HTTP][0m [37m-->[39m [37mPOST[39m [37m/wd/hub/session/f1e8dea0-b0a2-4c68-8bba-402fbd8e4e98/elements[39m
[38;5;0m[HTTP][0m [90m{"using":"xpath","value":"//*[@class = 'android.widget.FrameLayout' and @resource-id = 'com.solodroid.solomerce:id/nav_profile' and (@text = '' or . = '')]"}[39m
[38;5;0m[HTTP][0m [37m<-- POST /wd/hub/session/f1e8dea0-b0a2-4c68-8bba-402fbd8e4e98/elements [39m[32m200[39m [90m84 ms - 12[39m
[38;5;0m[HTTP][0m [90m[39m
[38;5;0m[HTTP][0m [37m-->[39m [37mPOST[39m [37m/wd/hub/session/f1e8dea0-b0a2-4c68-8bba-402fbd8e4e98/elements[39m
[38;5;0m[HTTP][0m [90m{"using":"xpath","value":"//*[@class = 'android.widget.FrameLayout' and @resource-id = 'com.solodroid.solomerce:id/nav_profile' and (@text = '' or . = '')]"}[39m
[38;5;0m[HTTP][0m [37m<-- POST /wd/hub/session/f1e8dea0-b0a2-4c68-8bba-402fbd8e4e98/elements [39m[32m200[39m [90m79 ms - 12[39m
[38;5;0m[HTTP][0m [90m[39m
[38;5;0m[HTTP][0m [37m-->[39m [37mPOST[39m [37m/wd/hub/session/f1e8dea0-b0a2-4c68-8bba-402fbd8e4e98/elements[39m
[38;5;0m[HTTP][0m [90m{"using":"xpath","value":"//*[@class = 'android.widget.FrameLayout' and @resource-id = 'com.solodroid.solomerce:id/nav_profile' and (@text = '' or . = '')]"}[39m
[38;5;0m[HTTP][0m [37m<-- POST /wd/hub/session/f1e8dea0-b0a2-4c68-8bba-402fbd8e4e98/elements [39m[32m200[39m [90m78 ms - 12[39m
[38;5;0m[HTTP][0m [90m[39m
[38;5;0m[HTTP][0m [37m-->[39m [37mPOST[39m [37m/wd/hub/session/f1e8dea0-b0a2-4c68-8bba-402fbd8e4e98/elements[39m
[38;5;0m[HTTP][0m [90m{"using":"xpath","value":"//*[@class = 'android.widget.FrameLayout' and @resource-id = 'com.solodroid.solomerce:id/nav_profile' and (@text = '' or . = '')]"}[39m
[38;5;0m[HTTP][0m [37m<-- POST /wd/hub/session/f1e8dea0-b0a2-4c68-8bba-402fbd8e4e98/elements [39m[32m200[39m [90m395 ms - 12[39m
[38;5;0m[HTTP][0m [90m[39m
[38;5;0m[HTTP][0m [37m-->[39m [37mPOST[39m [37m/wd/hub/session/f1e8dea0-b0a2-4c68-8bba-402fbd8e4e98/elements[39m
[38;5;0m[HTTP][0m [90m{"using":"xpath","value":"//*[@class = 'android.widget.FrameLayout' and @resource-id = 'com.solodroid.solomerce:id/nav_profile' and (@text = '' or . = '')]"}[39m
[38;5;0m[HTTP][0m [37m<-- POST /wd/hub/session/f1e8dea0-b0a2-4c68-8bba-402fbd8e4e98/elements [39m[32m200[39m [90m2105 ms - 139[39m
[38;5;0m[HTTP][0m [90m[39m
[38;5;0m[HTTP][0m [37m-->[39m [37mGET[39m [37m/wd/hub/session/f1e8dea0-b0a2-4c68-8bba-402fbd8e4e98/element/00000000-0000-03dd-ffff-ffff0000002a/location[39m
[38;5;0m[HTTP][0m [90m{}[39m
[38;5;48m[AndroidUiautomator2Driver@b8fb (f1e8dea0)][0m Driver proxy active, passing request on via HTTP proxy
[38;5;48m[AndroidUiautomator2Driver@b8fb (f1e8dea0)][0m Replacing sessionId f6ddc77c-de1f-4292-9ae9-9ad48a119e51 with f1e8dea0-b0a2-4c68-8bba-402fbd8e4e98
[38;5;0m[HTTP][0m [37m<-- GET /wd/hub/session/f1e8dea0-b0a2-4c68-8bba-402fbd8e4e98/element/00000000-0000-03dd-ffff-ffff0000002a/location [39m[32m200[39m [90m892 ms - 79[39m
[38;5;0m[HTTP][0m [90m[39m
[38;5;0m[HTTP][0m [37m-->[39m [37mPOST[39m [37m/wd/hub/session/f1e8dea0-b0a2-4c68-8bba-402fbd8e4e98/timeouts[39m
[38;5;0m[HTTP][0m [90m{"implicit":30000}[39m
[38;5;0m[HTTP][0m [37m<-- POST /wd/hub/session/f1e8dea0-b0a2-4c68-8bba-402fbd8e4e98/timeouts [39m[32m200[39m [90m2 ms - 14[39m
[38;5;0m[HTTP][0m [90m[39m
[38;5;0m[HTTP][0m [37m-->[39m [37mPOST[39m [37m/wd/hub/session/f1e8dea0-b0a2-4c68-8bba-402fbd8e4e98/element/00000000-0000-03dd-ffff-ffff0000002a/click[39m
[38;5;0m[HTTP][0m [90m{"id":"00000000-0000-03dd-ffff-ffff0000002a"}[39m
[38;5;0m[HTTP][0m [37m<-- POST /wd/hub/session/f1e8dea0-b0a2-4c68-8bba-402fbd8e4e98/element/00000000-0000-03dd-ffff-ffff0000002a/click [39m[32m200[39m [90m80 ms - 14[39m
[38;5;0m[HTTP][0m [90m[39m
[38;5;0m[HTTP][0m [37m-->[39m [37mPOST[39m [37m/wd/hub/session/f1e8dea0-b0a2-4c68-8bba-402fbd8e4e98/timeouts[39m
[38;5;0m[HTTP][0m [90m{"implicit":50}[39m
[38;5;0m[HTTP][0m [37m<-- POST /wd/hub/session/f1e8dea0-b0a2-4c68-8bba-402fbd8e4e98/timeouts [39m[32m200[39m [90m1 ms - 14[39m
[38;5;0m[HTTP][0m [90m[39m
[38;5;0m[HTTP][0m [37m-->[39m [37mGET[39m [37m/wd/hub/session/f1e8dea0-b0a2-4c68-8bba-402fbd8e4e98/window/rect[39m
[38;5;0m[HTTP][0m [90m{}[39m
[38;5;0m[HTTP][0m [37m<-- GET /wd/hub/session/f1e8dea0-b0a2-4c68-8bba-402fbd8e4e98/window/rect [39m[32m200[39m [90m23 ms - 50[39m
[38;5;0m[HTTP][0m [90m[39m
[38;5;0m[HTTP][0m [37m-->[39m [37mPOST[39m [37m/wd/hub/session/f1e8dea0-b0a2-4c68-8bba-402fbd8e4e98/elements[39m
[38;5;0m[HTTP][0m [90m{"using":"xpath","value":"//*[@class = 'android.widget.FrameLayout' and @resource-id = 'com.solodroid.solomerce:id/btn_edit_user' and (@text = '' or . = '')]"}[39m
[38;5;0m[HTTP][0m [37m<-- POST /wd/hub/session/f1e8dea0-b0a2-4c68-8bba-402fbd8e4e98/elements [39m[32m200[39m [90m1130 ms - 139[39m
[38;5;0m[HTTP][0m [90m[39m
[38;5;0m[HTTP][0m [37m-->[39m [37mGET[39m [37m/wd/hub/session/f1e8dea0-b0a2-4c68-8bba-402fbd8e4e98/element/00000000-0000-03dd-ffff-ffff00000044/location[39m
[38;5;0m[HTTP][0m [90m{}[39m
[38;5;48m[AndroidUiautomator2Driver@b8fb (f1e8dea0)][0m Driver proxy active, passing request on via HTTP proxy
[38;5;48m[AndroidUiautomator2Driver@b8fb (f1e8dea0)][0m Replacing sessionId f6ddc77c-de1f-4292-9ae9-9ad48a119e51 with f1e8dea0-b0a2-4c68-8bba-402fbd8e4e98
[38;5;0m[HTTP][0m [37m<-- GET /wd/hub/session/f1e8dea0-b0a2-4c68-8bba-402fbd8e4e98/element/00000000-0000-03dd-ffff-ffff00000044/location [39m[32m200[39m [90m31 ms - 78[39m
[38;5;0m[HTTP][0m [90m[39m
[38;5;0m[HTTP][0m [37m-->[39m [37mPOST[39m [37m/wd/hub/session/f1e8dea0-b0a2-4c68-8bba-402fbd8e4e98/timeouts[39m
[38;5;0m[HTTP][0m [90m{"implicit":30000}[39m
[38;5;0m[HTTP][0m [37m<-- POST /wd/hub/session/f1e8dea0-b0a2-4c68-8bba-402fbd8e4e98/timeouts [39m[32m200[39m [90m1 ms - 14[39m
[38;5;0m[HTTP][0m [90m[39m
[38;5;0m[HTTP][0m [37m-->[39m [37mPOST[39m [37m/wd/hub/session/f1e8dea0-b0a2-4c68-8bba-402fbd8e4e98/element/00000000-0000-03dd-ffff-ffff00000044/click[39m
[38;5;0m[HTTP][0m [90m{"id":"00000000-0000-03dd-ffff-ffff00000044"}[39m
[38;5;0m[HTTP][0m [37m<-- POST /wd/hub/session/f1e8dea0-b0a2-4c68-8bba-402fbd8e4e98/element/00000000-0000-03dd-ffff-ffff00000044/click [39m[32m200[39m [90m63 ms - 14[39m
[38;5;0m[HTTP][0m [90m[39m
[38;5;0m[HTTP][0m [37m-->[39m [37mPOST[39m [37m/wd/hub/session/f1e8dea0-b0a2-4c68-8bba-402fbd8e4e98/timeouts[39m
[38;5;0m[HTTP][0m [90m{"implicit":50}[39m
[38;5;0m[HTTP][0m [37m<-- POST /wd/hub/session/f1e8dea0-b0a2-4c68-8bba-402fbd8e4e98/timeouts [39m[32m200[39m [90m2 ms - 14[39m
[38;5;0m[HTTP][0m [90m[39m
[38;5;0m[HTTP][0m [37m-->[39m [37mGET[39m [37m/wd/hub/session/f1e8dea0-b0a2-4c68-8bba-402fbd8e4e98/window/rect[39m
[38;5;0m[HTTP][0m [90m{}[39m
[38;5;0m[HTTP][0m [37m<-- GET /wd/hub/session/f1e8dea0-b0a2-4c68-8bba-402fbd8e4e98/window/rect [39m[32m200[39m [90m15 ms - 50[39m
[38;5;0m[HTTP][0m [90m[39m
[38;5;0m[HTTP][0m [37m-->[39m [37mPOST[39m [37m/wd/hub/session/f1e8dea0-b0a2-4c68-8bba-402fbd8e4e98/elements[39m
[38;5;0m[HTTP][0m [90m{"using":"xpath","value":"//hierarchy/android.widget.FrameLayout[1]/android.widget.LinearLayout[1]/android.widget.FrameLayout[1]/android.view.ViewGroup[1]/android.widget.FrameLayout[2]/android.widget.LinearLayout[1]/android.widget.LinearLayout[1]/android.widget.LinearLayout[1]/android.widget.ListView[1]/android.widget.LinearLayout[1]/android.widget.RelativeLayout[1]"}[39m
[38;5;0m[HTTP][0m [37m<-- POST /wd/hub/session/f1e8dea0-b0a2-4c68-8bba-402fbd8e4e98/elements [39m[32m200[39m [90m294 ms - 12[39m
[38;5;0m[HTTP][0m [90m[39m
[38;5;0m[HTTP][0m [37m-->[39m [37mPOST[39m [37m/wd/hub/session/f1e8dea0-b0a2-4c68-8bba-402fbd8e4e98/elements[39m
[38;5;0m[HTTP][0m [90m{"using":"xpath","value":"//hierarchy/android.widget.FrameLayout[1]/android.widget.LinearLayout[1]/android.widget.FrameLayout[1]/android.view.ViewGroup[1]/android.widget.FrameLayout[2]/android.widget.LinearLayout[1]/android.widget.LinearLayout[1]/android.widget.LinearLayout[1]/android.widget.ListView[1]/android.widget.LinearLayout[1]/android.widget.RelativeLayout[1]"}[39m
[38;5;0m[HTTP][0m [37m<-- POST /wd/hub/session/f1e8dea0-b0a2-4c68-8bba-402fbd8e4e98/elements [39m[32m200[39m [90m192 ms - 12[39m
[38;5;0m[HTTP][0m [90m[39m
[38;5;0m[HTTP][0m [37m-->[39m [37mPOST[39m [37m/wd/hub/session/f1e8dea0-b0a2-4c68-8bba-402fbd8e4e98/elements[39m
[38;5;0m[HTTP][0m [90m{"using":"xpath","value":"//hierarchy/android.widget.FrameLayout[1]/android.widget.LinearLayout[1]/android.widget.FrameLayout[1]/android.view.ViewGroup[1]/android.widget.FrameLayout[2]/android.widget.LinearLayout[1]/android.widget.LinearLayout[1]/android.widget.LinearLayout[1]/android.widget.ListView[1]/android.widget.LinearLayout[1]/android.widget.RelativeLayout[1]"}[39m
[38;5;0m[HTTP][0m [37m<-- POST /wd/hub/session/f1e8dea0-b0a2-4c68-8bba-402fbd8e4e98/elements [39m[32m200[39m [90m1647 ms - 139[39m
[38;5;0m[HTTP][0m [90m[39m
[38;5;0m[HTTP][0m [37m-->[39m [37mGET[39m [37m/wd/hub/session/f1e8dea0-b0a2-4c68-8bba-402fbd8e4e98/element/00000000-0000-03de-ffff-ffff000000d9/location[39m
[38;5;0m[HTTP][0m [90m{}[39m
[38;5;48m[AndroidUiautomator2Driver@b8fb (f1e8dea0)][0m Driver proxy active, passing request on via HTTP proxy
[38;5;48m[AndroidUiautomator2Driver@b8fb (f1e8dea0)][0m Replacing sessionId f6ddc77c-de1f-4292-9ae9-9ad48a119e51 with f1e8dea0-b0a2-4c68-8bba-402fbd8e4e98
[38;5;0m[HTTP][0m [37m<-- GET /wd/hub/session/f1e8dea0-b0a2-4c68-8bba-402fbd8e4e98/element/00000000-0000-03de-ffff-ffff000000d9/location [39m[32m200[39m [90m31 ms - 77[39m
[38;5;0m[HTTP][0m [90m[39m
[38;5;0m[HTTP][0m [37m-->[39m [37mPOST[39m [37m/wd/hub/session/f1e8dea0-b0a2-4c68-8bba-402fbd8e4e98/timeouts[39m
[38;5;0m[HTTP][0m [90m{"implicit":30000}[39m
[38;5;0m[HTTP][0m [37m<-- POST /wd/hub/session/f1e8dea0-b0a2-4c68-8bba-402fbd8e4e98/timeouts [39m[32m200[39m [90m4 ms - 14[39m
[38;5;0m[HTTP][0m [90m[39m
[38;5;0m[HTTP][0m [37m-->[39m [37mPOST[39m [37m/wd/hub/session/f1e8dea0-b0a2-4c68-8bba-402fbd8e4e98/element/00000000-0000-03de-ffff-ffff000000d9/click[39m
[38;5;0m[HTTP][0m [90m{"id":"00000000-0000-03de-ffff-ffff000000d9"}[39m
[38;5;0m[HTTP][0m [37m<-- POST /wd/hub/session/f1e8dea0-b0a2-4c68-8bba-402fbd8e4e98/element/00000000-0000-03de-ffff-ffff000000d9/click [39m[32m200[39m [90m1413 ms - 14[39m
[38;5;0m[HTTP][0m [90m[39m
[38;5;0m[HTTP][0m [37m-->[39m [37mPOST[39m [37m/wd/hub/session/f1e8dea0-b0a2-4c68-8bba-402fbd8e4e98/timeouts[39m
[38;5;0m[HTTP][0m [90m{"implicit":50}[39m
[38;5;0m[HTTP][0m [37m<-- POST /wd/hub/session/f1e8dea0-b0a2-4c68-8bba-402fbd8e4e98/timeouts [39m[32m200[39m [90m1 ms - 14[39m
[38;5;0m[HTTP][0m [90m[39m
[38;5;0m[HTTP][0m [37m-->[39m [37mGET[39m [37m/wd/hub/session/f1e8dea0-b0a2-4c68-8bba-402fbd8e4e98/window/rect[39m
[38;5;0m[HTTP][0m [90m{}[39m
[38;5;0m[HTTP][0m [37m<-- GET /wd/hub/session/f1e8dea0-b0a2-4c68-8bba-402fbd8e4e98/window/rect [39m[32m200[39m [90m44 ms - 50[39m
[38;5;0m[HTTP][0m [90m[39m
[38;5;0m[HTTP][0m [37m-->[39m [37mPOST[39m [37m/wd/hub/session/f1e8dea0-b0a2-4c68-8bba-402fbd8e4e98/elements[39m
[38;5;0m[HTTP][0m [90m{"using":"xpath","value":"//*[@class = 'android.widget.EditText' and @resource-id = 'android:id/edit']"}[39m
[38;5;0m[HTTP][0m [37m<-- POST /wd/hub/session/f1e8dea0-b0a2-4c68-8bba-402fbd8e4e98/elements [39m[32m200[39m [90m256 ms - 139[39m
[38;5;0m[HTTP][0m [90m[39m
[38;5;0m[HTTP][0m [37m-->[39m [37mGET[39m [37m/wd/hub/session/f1e8dea0-b0a2-4c68-8bba-402fbd8e4e98/element/00000000-0000-03df-ffff-ffff000000f3/location[39m
[38;5;0m[HTTP][0m [90m{}[39m
[38;5;48m[AndroidUiautomator2Driver@b8fb (f1e8dea0)][0m Driver proxy active, passing request on via HTTP proxy
[38;5;48m[AndroidUiautomator2Driver@b8fb (f1e8dea0)][0m Replacing sessionId f6ddc77c-de1f-4292-9ae9-9ad48a119e51 with f1e8dea0-b0a2-4c68-8bba-402fbd8e4e98
[38;5;0m[HTTP][0m [37m<-- GET /wd/hub/session/f1e8dea0-b0a2-4c68-8bba-402fbd8e4e98/element/00000000-0000-03df-ffff-ffff000000f3/location [39m[32m200[39m [90m34 ms - 78[39m
[38;5;0m[HTTP][0m [90m[39m
[38;5;0m[HTTP][0m [37m-->[39m [37mPOST[39m [37m/wd/hub/session/f1e8dea0-b0a2-4c68-8bba-402fbd8e4e98/timeouts[39m
[38;5;0m[HTTP][0m [90m{"implicit":30000}[39m
[38;5;0m[HTTP][0m [37m<-- POST /wd/hub/session/f1e8dea0-b0a2-4c68-8bba-402fbd8e4e98/timeouts [39m[32m200[39m [90m1 ms - 14[39m
[38;5;0m[HTTP][0m [90m[39m
[38;5;0m[HTTP][0m [37m-->[39m [37mPOST[39m [37m/wd/hub/session/f1e8dea0-b0a2-4c68-8bba-402fbd8e4e98/element/00000000-0000-03df-ffff-ffff000000f3/clear[39m
[38;5;0m[HTTP][0m [90m{"id":"00000000-0000-03df-ffff-ffff000000f3"}[39m
[38;5;0m[HTTP][0m [37m<-- POST /wd/hub/session/f1e8dea0-b0a2-4c68-8bba-402fbd8e4e98/element/00000000-0000-03df-ffff-ffff000000f3/clear [39m[32m200[39m [90m52 ms - 14[39m
[38;5;0m[HTTP][0m [90m[39m
[38;5;0m[HTTP][0m [37m-->[39m [37mPOST[39m [37m/wd/hub/session/f1e8dea0-b0a2-4c68-8bba-402fbd8e4e98/element/00000000-0000-03df-ffff-ffff000000f3/click[39m
[38;5;0m[HTTP][0m [90m{"id":"00000000-0000-03df-ffff-ffff000000f3"}[39m
[38;5;0m[HTTP][0m [37m<-- POST /wd/hub/session/f1e8dea0-b0a2-4c68-8bba-402fbd8e4e98/element/00000000-0000-03df-ffff-ffff000000f3/click [39m[32m200[39m [90m1811 ms - 14[39m
[38;5;0m[HTTP][0m [90m[39m
[38;5;0m[HTTP][0m [37m-->[39m [37mPOST[39m [37m/wd/hub/session/f1e8dea0-b0a2-4c68-8bba-402fbd8e4e98/element/00000000-0000-03df-ffff-ffff000000f3/value[39m
[38;5;0m[HTTP][0m [90m{"id":"00000000-0000-03df-ffff-ffff000000f3","text":"Budi","value":["B","u","d","i"]}[39m
[38;5;0m[HTTP][0m [37m<-- POST /wd/hub/session/f1e8dea0-b0a2-4c68-8bba-402fbd8e4e98/element/00000000-0000-03df-ffff-ffff000000f3/value [39m[32m200[39m [90m98 ms - 14[39m
[38;5;0m[HTTP][0m [90m[39m
[38;5;0m[HTTP][0m [37m-->[39m [37mPOST[39m [37m/wd/hub/session/f1e8dea0-b0a2-4c68-8bba-402fbd8e4e98/timeouts[39m
[38;5;0m[HTTP][0m [90m{"implicit":50}[39m
[38;5;0m[HTTP][0m [37m<-- POST /wd/hub/session/f1e8dea0-b0a2-4c68-8bba-402fbd8e4e98/timeouts [39m[32m200[39m [90m1 ms - 14[39m
[38;5;0m[HTTP][0m [90m[39m
[38;5;0m[HTTP][0m [37m-->[39m [37mGET[39m [37m/wd/hub/session/f1e8dea0-b0a2-4c68-8bba-402fbd8e4e98/window/rect[39m
[38;5;0m[HTTP][0m [90m{}[39m
[38;5;0m[HTTP][0m [37m<-- GET /wd/hub/session/f1e8dea0-b0a2-4c68-8bba-402fbd8e4e98/window/rect [39m[32m200[39m [90m32 ms - 50[39m
[38;5;0m[HTTP][0m [90m[39m
[38;5;0m[HTTP][0m [37m-->[39m [37mPOST[39m [37m/wd/hub/session/f1e8dea0-b0a2-4c68-8bba-402fbd8e4e98/elements[39m
[38;5;0m[HTTP][0m [90m{"using":"xpath","value":"//*[@class = 'android.widget.Button' and (@text = 'OK' or . = 'OK') and @resource-id = 'android:id/button1']"}[39m
[38;5;0m[HTTP][0m [37m<-- POST /wd/hub/session/f1e8dea0-b0a2-4c68-8bba-402fbd8e4e98/elements [39m[32m200[39m [90m787 ms - 139[39m
[38;5;0m[HTTP][0m [90m[39m
[38;5;0m[HTTP][0m [37m-->[39m [37mGET[39m [37m/wd/hub/session/f1e8dea0-b0a2-4c68-8bba-402fbd8e4e98/element/00000000-0000-03df-ffff-ffff0000010c/location[39m
[38;5;0m[HTTP][0m [90m{}[39m
[38;5;48m[AndroidUiautomator2Driver@b8fb (f1e8dea0)][0m Driver proxy active, passing request on via HTTP proxy
[38;5;48m[AndroidUiautomator2Driver@b8fb (f1e8dea0)][0m Replacing sessionId f6ddc77c-de1f-4292-9ae9-9ad48a119e51 with f1e8dea0-b0a2-4c68-8bba-402fbd8e4e98
[38;5;0m[HTTP][0m [37m<-- GET /wd/hub/session/f1e8dea0-b0a2-4c68-8bba-402fbd8e4e98/element/00000000-0000-03df-ffff-ffff0000010c/location [39m[32m200[39m [90m30 ms - 79[39m
[38;5;0m[HTTP][0m [90m[39m
[38;5;0m[HTTP][0m [37m-->[39m [37mPOST[39m [37m/wd/hub/session/f1e8dea0-b0a2-4c68-8bba-402fbd8e4e98/timeouts[39m
[38;5;0m[HTTP][0m [90m{"implicit":30000}[39m
[38;5;0m[HTTP][0m [37m<-- POST /wd/hub/session/f1e8dea0-b0a2-4c68-8bba-402fbd8e4e98/timeouts [39m[32m200[39m [90m1 ms - 14[39m
[38;5;0m[HTTP][0m [90m[39m
[38;5;0m[HTTP][0m [37m-->[39m [37mPOST[39m [37m/wd/hub/session/f1e8dea0-b0a2-4c68-8bba-402fbd8e4e98/element/00000000-0000-03df-ffff-ffff0000010c/click[39m
[38;5;0m[HTTP][0m [90m{"id":"00000000-0000-03df-ffff-ffff0000010c"}[39m
[38;5;0m[HTTP][0m [37m<-- POST /wd/hub/session/f1e8dea0-b0a2-4c68-8bba-402fbd8e4e98/element/00000000-0000-03df-ffff-ffff0000010c/click [39m[32m200[39m [90m86 ms - 14[39m
[38;5;0m[HTTP][0m [90m[39m
[38;5;0m[HTTP][0m [37m-->[39m [37mPOST[39m [37m/wd/hub/session/f1e8dea0-b0a2-4c68-8bba-402fbd8e4e98/timeouts[39m
[38;5;0m[HTTP][0m [90m{"implicit":50}[39m
[38;5;0m[HTTP][0m [37m<-- POST /wd/hub/session/f1e8dea0-b0a2-4c68-8bba-402fbd8e4e98/timeouts [39m[32m200[39m [90m1 ms - 14[39m
[38;5;0m[HTTP][0m [90m[39m
[38;5;0m[HTTP][0m [37m-->[39m [37mGET[39m [37m/wd/hub/session/f1e8dea0-b0a2-4c68-8bba-402fbd8e4e98/window/rect[39m
[38;5;0m[HTTP][0m [90m{}[39m
[38;5;0m[HTTP][0m [37m<-- GET /wd/hub/session/f1e8dea0-b0a2-4c68-8bba-402fbd8e4e98/window/rect [39m[32m200[39m [90m22 ms - 50[39m
[38;5;0m[HTTP][0m [90m[39m
[38;5;0m[HTTP][0m [37m-->[39m [37mPOST[39m [37m/wd/hub/session/f1e8dea0-b0a2-4c68-8bba-402fbd8e4e98/elements[39m
[38;5;0m[HTTP][0m [90m{"using":"xpath","value":"//*[@class = 'android.widget.ImageButton' and (@text = '' or . = '')]"}[39m
[38;5;0m[HTTP][0m [37m<-- POST /wd/hub/session/f1e8dea0-b0a2-4c68-8bba-402fbd8e4e98/elements [39m[32m200[39m [90m946 ms - 139[39m
[38;5;0m[HTTP][0m [90m[39m
[38;5;0m[HTTP][0m [37m-->[39m [37mGET[39m [37m/wd/hub/session/f1e8dea0-b0a2-4c68-8bba-402fbd8e4e98/element/00000000-0000-03de-ffff-ffff000000d1/location[39m
[38;5;0m[HTTP][0m [90m{}[39m
[38;5;48m[AndroidUiautomator2Driver@b8fb (f1e8dea0)][0m Driver proxy active, passing request on via HTTP proxy
[38;5;48m[AndroidUiautomator2Driver@b8fb (f1e8dea0)][0m Replacing sessionId f6ddc77c-de1f-4292-9ae9-9ad48a119e51 with f1e8dea0-b0a2-4c68-8bba-402fbd8e4e98
[38;5;0m[HTTP][0m [37m<-- GET /wd/hub/session/f1e8dea0-b0a2-4c68-8bba-402fbd8e4e98/element/00000000-0000-03de-ffff-ffff000000d1/location [39m[32m200[39m [90m40 ms - 75[39m
[38;5;0m[HTTP][0m [90m[39m
[38;5;0m[HTTP][0m [37m-->[39m [37mPOST[39m [37m/wd/hub/session/f1e8dea0-b0a2-4c68-8bba-402fbd8e4e98/timeouts[39m
[38;5;0m[HTTP][0m [90m{"implicit":30000}[39m
[38;5;0m[HTTP][0m [37m<-- POST /wd/hub/session/f1e8dea0-b0a2-4c68-8bba-402fbd8e4e98/timeouts [39m[32m200[39m [90m1 ms - 14[39m
[38;5;0m[HTTP][0m [90m[39m
[38;5;0m[HTTP][0m [37m-->[39m [37mPOST[39m [37m/wd/hub/session/f1e8dea0-b0a2-4c68-8bba-402fbd8e4e98/element/00000000-0000-03de-ffff-ffff000000d1/click[39m
[38;5;0m[HTTP][0m [90m{"id":"00000000-0000-03de-ffff-ffff000000d1"}[39m
[38;5;0m[HTTP][0m [37m<-- POST /wd/hub/session/f1e8dea0-b0a2-4c68-8bba-402fbd8e4e98/element/00000000-0000-03de-ffff-ffff000000d1/click [39m[32m200[39m [90m80 ms - 14[39m
[38;5;0m[HTTP][0m [90m[39m
[38;5;0m[HTTP][0m [37m-->[39m [37mPOST[39m [37m/wd/hub/session/f1e8dea0-b0a2-4c68-8bba-402fbd8e4e98/timeouts[39m
[38;5;0m[HTTP][0m [90m{"implicit":50}[39m
[38;5;0m[HTTP][0m [37m<-- POST /wd/hub/session/f1e8dea0-b0a2-4c68-8bba-402fbd8e4e98/timeouts [39m[32m200[39m [90m1 ms - 14[39m
[38;5;0m[HTTP][0m [90m[39m
[38;5;0m[HTTP][0m [37m-->[39m [37mGET[39m [37m/wd/hub/session/f1e8dea0-b0a2-4c68-8bba-402fbd8e4e98/window/rect[39m
[38;5;0m[HTTP][0m [90m{}[39m
[38;5;0m[HTTP][0m [37m<-- GET /wd/hub/session/f1e8dea0-b0a2-4c68-8bba-402fbd8e4e98/window/rect [39m[32m200[39m [90m22 ms - 50[39m
[38;5;0m[HTTP][0m [90m[39m
[38;5;0m[HTTP][0m [37m-->[39m [37mPOST[39m [37m/wd/hub/session/f1e8dea0-b0a2-4c68-8bba-402fbd8e4e98/elements[39m
[38;5;0m[HTTP][0m [90m{"using":"xpath","value":"//*[@class = 'android.widget.TextView' and (@text = 'Budi' or . = 'Budi') and @resource-id = 'com.solodroid.solomerce:id/txt_user_name']"}[39m
[38;5;0m[HTTP][0m [37m<-- POST /wd/hub/session/f1e8dea0-b0a2-4c68-8bba-402fbd8e4e98/elements [39m[32m200[39m [90m1679 ms - 139[39m
[38;5;0m[HTTP][0m [90m[39m
[38;5;0m[HTTP][0m [37m-->[39m [37mGET[39m [37m/wd/hub/session/f1e8dea0-b0a2-4c68-8bba-402fbd8e4e98/element/00000000-0000-03dd-ffff-ffff00000040/location[39m
[38;5;0m[HTTP][0m [90m{}[39m
[38;5;48m[AndroidUiautomator2Driver@b8fb (f1e8dea0)][0m Driver proxy active, passing request on via HTTP proxy
[38;5;48m[AndroidUiautomator2Driver@b8fb (f1e8dea0)][0m Replacing sessionId f6ddc77c-de1f-4292-9ae9-9ad48a119e51 with f1e8dea0-b0a2-4c68-8bba-402fbd8e4e98
[38;5;0m[HTTP][0m [37m<-- GET /wd/hub/session/f1e8dea0-b0a2-4c68-8bba-402fbd8e4e98/element/00000000-0000-03dd-ffff-ffff00000040/location [39m[32m200[39m [90m32 ms - 77[39m
[38;5;0m[HTTP][0m [90m[39m
[38;5;0m[HTTP][0m [37m-->[39m [37mPOST[39m [37m/wd/hub/session/f1e8dea0-b0a2-4c68-8bba-402fbd8e4e98/timeouts[39m
[38;5;0m[HTTP][0m [90m{"implicit":30000}[39m
[38;5;0m[HTTP][0m [37m<-- POST /wd/hub/session/f1e8dea0-b0a2-4c68-8bba-402fbd8e4e98/timeouts [39m[32m200[39m [90m1 ms - 14[39m
[38;5;0m[HTTP][0m [90m[39m
[38;5;0m[HTTP][0m [37m-->[39m [37mGET[39m [37m/wd/hub/session/f1e8dea0-b0a2-4c68-8bba-402fbd8e4e98/element/00000000-0000-03dd-ffff-ffff00000040/text[39m
[38;5;0m[HTTP][0m [90m{}[39m
[38;5;48m[AndroidUiautomator2Driver@b8fb (f1e8dea0)][0m Driver proxy active, passing request on via HTTP proxy
[38;5;48m[AndroidUiautomator2Driver@b8fb (f1e8dea0)][0m Replacing sessionId f6ddc77c-de1f-4292-9ae9-9ad48a119e51 with f1e8dea0-b0a2-4c68-8bba-402fbd8e4e98
[38;5;0m[HTTP][0m [37m<-- GET /wd/hub/session/f1e8dea0-b0a2-4c68-8bba-402fbd8e4e98/element/00000000-0000-03dd-ffff-ffff00000040/text [39m[32m200[39m [90m26 ms - 67[39m
[38;5;0m[HTTP][0m [90m[39m
[38;5;0m[HTTP][0m [37m-->[39m [37mDELETE[39m [37m/wd/hub/session/f1e8dea0-b0a2-4c68-8bba-402fbd8e4e98[39m
[38;5;0m[HTTP][0m [90m{}[39m
[38;5;16m[AppiumDriver@f33d][0m Removing session f1e8dea0-b0a2-4c68-8bba-402fbd8e4e98 from our master session list
[38;5;64m[ADB][0m com.solodroid.solomerce was successfully uninstalled
[38;5;48m[AndroidUiautomator2Driver@b8fb (f1e8dea0)][0m Restoring hidden api policy to the device default configuration
[38;5;0m[HTTP][0m [37m<-- DELETE /wd/hub/session/f1e8dea0-b0a2-4c68-8bba-402fbd8e4e98 [39m[32m200[39m [90m1994 ms - 14[39m
[38;5;0m[HTTP][0m [90m[39m
