[35m[Appium][39m Welcome to Appium v2.5.0
[35m[Appium][39m Non-default server args:
[35m[Appium][39m { basePath: [32m'/wd/hub'[39m, loglevel: [32m'info'[39m, port: [33m7704[39m }
[35m[Appium][39m Attempting to load driver uiautomator2...
[35m[Appium][39m Appium REST http interface listener started on http://0.0.0.0:7704/wd/hub
[35m[Appium][39m You can provide the following URLs in your client code to connect to this server:
[35m[Appium][39m 	http://172.16.213.219:7704/wd/hub
[35m[Appium][39m 	http://127.0.0.1:7704/wd/hub (only accessible from the same host)
[35m[Appium][39m Available drivers:
[35m[Appium][39m   - uiautomator2@3.0.0 (automationName 'UiAutomator2')
[35m[Appium][39m No plugins have been installed. Use the "appium plugin" command to install the one(s) you want to use.
[38;5;0m[HTTP][0m [37m-->[39m [37mGET[39m [37m/wd/hub/status[39m
[38;5;0m[HTTP][0m [90m{}[39m
[38;5;0m[HTTP][0m [37m<-- GET /wd/hub/status [39m[32m200[39m [90m4 ms - 110[39m
[38;5;0m[HTTP][0m [90m[39m
[38;5;0m[HTTP][0m [37m-->[39m [37mGET[39m [37m/wd/hub/status[39m
[38;5;0m[HTTP][0m [90m{}[39m
[38;5;0m[HTTP][0m [37m<-- GET /wd/hub/status [39m[32m200[39m [90m1 ms - 110[39m
[38;5;0m[HTTP][0m [90m[39m
[38;5;0m[HTTP][0m [37m-->[39m [37mPOST[39m [37m/wd/hub/session[39m
[38;5;0m[HTTP][0m [90m{"desiredCapabilities":{"appium:systemPort":7724,"appium:newCommandTimeout":1800,"appium:automationName":"uiautomator2","appium:fullReset":false,"appium:platformVersion":"13","appium:noReset":true,"appium:udid":"DQROLNJZNNVKEUDI","appium:autoGrantPermissions":true,"appium:platformName":"ANDROID","appium:deviceName":"realme RMX3572 (Android 13)","platformName":"Android","appium:app":"C:\\Users\\skyne\\Documents\\1. BRI\\Bootcampt\\Automation\\mobile\\Solodroid_E-CommerceApp Demo_3.2.0.apk"},"capabilities":{"firstMatch":[{"appium:app":"C:\\Users\\skyne\\Documents\\1. BRI\\Bootcampt\\Automation\\mobile\\Solodroid_E-CommerceApp Demo_3.2.0.apk","appium:autoGrantPermissions":true,"appium:automationName":"uiautomator2","appium:deviceName":"realme RMX3572 (Android 13)","appium:fullReset":false,"appium:newCommandTimeout":1800,"appium:noReset":true,"appium:platformName":"ANDROID","appium:platformVersion":"13","appium:systemPort":7724,"appium:udid":"DQROLNJZNNVKEUDI","platformName":"android"}]}}[39m
[38;5;32m[BaseDriver][0m Ignoring capability 'appium:platformName=ANDROID' and using capability 'platformName=android'
[38;5;32m[BaseDriver][0m The capabilities ["platformName"] are standard capabilities and do not require "appium:" prefix
[35m[Appium][39m Attempting to find matching driver for automationName 'uiautomator2' and platformName 'android'
[35m[Appium][39m The 'uiautomator2' driver was installed and matched caps.
[35m[Appium][39m Will require it at C:\Users\skyne\.appium\node_modules\appium-uiautomator2-driver
[38;5;16m[AppiumDriver@9dff][0m Appium v2.5.0 creating new AndroidUiautomator2Driver (v3.0.0) session
[38;5;16m[AppiumDriver@9dff][0m Checking BaseDriver versions for Appium and AndroidUiautomator2Driver
[38;5;16m[AppiumDriver@9dff][0m Appium's BaseDriver version is 9.5.1
[38;5;16m[AppiumDriver@9dff][0m AndroidUiautomator2Driver's BaseDriver version is 9.5.1
[38;5;48m[AndroidUiautomator2Driver@cede (870a0821)][0m Session created with session id: 870a0821-a091-4a0b-8a21-0548917ba009
[38;5;64m[ADB][0m Found 1 'build-tools' folders under 'C:\Users\skyne\.katalon\tools\android_sdk' (newest first):
[38;5;64m[ADB][0m     C:\Users\skyne\.katalon\tools\android_sdk\build-tools\29.0.3
[38;5;64m[ADB][0m Using 'adb.exe' from 'C:\Users\skyne\.katalon\tools\android_sdk\platform-tools\adb.exe'
[38;5;48m[AndroidUiautomator2Driver@cede (870a0821)][0m Retrieving device list
[38;5;48m[AndroidUiautomator2Driver@cede (870a0821)][0m Using device: DQROLNJZNNVKEUDI
[38;5;64m[ADB][0m Using 'adb.exe' from 'C:\Users\skyne\.katalon\tools\android_sdk\platform-tools\adb.exe'
[38;5;32m[BaseDriver][0m Using local app 'C:\Users\skyne\Documents\1. BRI\Bootcampt\Automation\mobile\Solodroid_E-CommerceApp Demo_3.2.0.apk'
[38;5;64m[ADB][0m Getting device platform version
[38;5;48m[AndroidUiautomator2Driver@cede (870a0821)][0m Relaxing hidden api policy
[38;5;64m[ADB][0m Package name: 'com.solodroid.solomerce'
[38;5;64m[ADB][0m Main activity name: 'com.solodroid.solomerce.activities.ActivitySplash'
[38;5;64m[ADB][0m Using 'apksigner.jar' from 'C:\Users\skyne\.katalon\tools\android_sdk\build-tools\29.0.3\lib\apksigner.jar'
[38;5;64m[ADB][0m 'C:\Users\skyne\.appium\node_modules\appium-uiautomator2-driver\node_modules\appium-uiautomator2-server\apks\appium-uiautomator2-server-debug-androidTest.apk' is signed with the default certificate
[38;5;64m[ADB][0m 'C:\Users\skyne\Documents\1. BRI\Bootcampt\Automation\mobile\Solodroid_E-CommerceApp Demo_3.2.0.apk' is signed with a non-default certificate
[38;5;64m[ADB][0m The application at 'C:\Users\skyne\Documents\1. BRI\Bootcampt\Automation\mobile\Solodroid_E-CommerceApp Demo_3.2.0.apk' will not be cached, because the device under test has confirmed the support of streamed installs
[38;5;64m[ADB][0m 'C:\Users\skyne\.appium\node_modules\appium-uiautomator2-driver\node_modules\appium-uiautomator2-server\apks\appium-uiautomator2-server-v7.0.0.apk' is signed with the default certificate
[38;5;48m[AndroidUiautomator2Driver@cede (870a0821)][0m Server packages are not going to be (re)installed
[38;5;64m[ADB][0m Adding packages ["io.appium.settings","io.appium.uiautomator2.server","io.appium.uiautomator2.server.test"] to Doze whitelist
[38;5;64m[ADB][0m The installation of 'Solodroid_E-CommerceApp Demo_3.2.0.apk' took 7675ms
[38;5;48m[AndroidUiautomator2Driver@cede (870a0821)][0m Starting UIAutomator2 server 7.0.0
[38;5;48m[AndroidUiautomator2Driver@cede (870a0821)][0m Using UIAutomator2 server from 'C:\Users\skyne\.appium\node_modules\appium-uiautomator2-driver\node_modules\appium-uiautomator2-server\apks\appium-uiautomator2-server-v7.0.0.apk' and test from 'C:\Users\skyne\.appium\node_modules\appium-uiautomator2-driver\node_modules\appium-uiautomator2-server\apks\appium-uiautomator2-server-debug-androidTest.apk'
[38;5;48m[AndroidUiautomator2Driver@cede (870a0821)][0m Waiting up to 30000ms for UiAutomator2 to be online...
[38;5;48m[AndroidUiautomator2Driver@cede (870a0821)][0m socket hang up
[38;5;48m[AndroidUiautomator2Driver@cede (870a0821)][0m socket hang up
[38;5;48m[AndroidUiautomator2Driver@cede (870a0821)][0m socket hang up
[38;5;48m[AndroidUiautomator2Driver@cede (870a0821)][0m socket hang up
[38;5;48m[AndroidUiautomator2Driver@cede (870a0821)][0m socket hang up
[38;5;48m[AndroidUiautomator2Driver@cede (870a0821)][0m Determined the downstream protocol as 'W3C'
[38;5;48m[AndroidUiautomator2Driver@cede (870a0821)][0m Screen already unlocked, doing nothing
[38;5;48m[AndroidUiautomator2Driver@cede (870a0821)][0m Starting 'com.solodroid.solomerce/com.solodroid.solomerce.activities.ActivitySplash and waiting for 'com.solodroid.solomerce/com.solodroid.solomerce.activities.ActivitySplash'
[38;5;16m[AppiumDriver@9dff][0m New AndroidUiautomator2Driver session created successfully, session 870a0821-a091-4a0b-8a21-0548917ba009 added to master session list
[38;5;0m[HTTP][0m [37m<-- POST /wd/hub/session [39m[32m200[39m [90m15889 ms - 1310[39m
[38;5;0m[HTTP][0m [90m[39m
[38;5;0m[HTTP][0m [37m-->[39m [37mGET[39m [37m/wd/hub/session/870a0821-a091-4a0b-8a21-0548917ba009[39m
[38;5;0m[HTTP][0m [90m{}[39m
[38;5;0m[HTTP][0m [37m<-- GET /wd/hub/session/870a0821-a091-4a0b-8a21-0548917ba009 [39m[32m200[39m [90m16 ms - 401[39m
[38;5;0m[HTTP][0m [90m[39m
[38;5;0m[HTTP][0m [37m-->[39m [37mGET[39m [37m/wd/hub/session/870a0821-a091-4a0b-8a21-0548917ba009[39m
[38;5;0m[HTTP][0m [90m{}[39m
[38;5;0m[HTTP][0m [37m<-- GET /wd/hub/session/870a0821-a091-4a0b-8a21-0548917ba009 [39m[32m200[39m [90m13 ms - 401[39m
[38;5;0m[HTTP][0m [90m[39m
[38;5;0m[HTTP][0m [37m-->[39m [37mGET[39m [37m/wd/hub/status[39m
[38;5;0m[HTTP][0m [90m{}[39m
[38;5;0m[HTTP][0m [37m<-- GET /wd/hub/status [39m[32m200[39m [90m1 ms - 110[39m
[38;5;0m[HTTP][0m [90m[39m
[38;5;0m[HTTP][0m [37m-->[39m [37mPOST[39m [37m/wd/hub/session/870a0821-a091-4a0b-8a21-0548917ba009/timeouts[39m
[38;5;0m[HTTP][0m [90m{"implicit":60000}[39m
[38;5;0m[HTTP][0m [37m<-- POST /wd/hub/session/870a0821-a091-4a0b-8a21-0548917ba009/timeouts [39m[32m200[39m [90m5 ms - 14[39m
[38;5;0m[HTTP][0m [90m[39m
[38;5;0m[HTTP][0m [37m-->[39m [37mGET[39m [37m/wd/hub/session/870a0821-a091-4a0b-8a21-0548917ba009/source[39m
[38;5;0m[HTTP][0m [90m{}[39m
[38;5;48m[AndroidUiautomator2Driver@cede (870a0821)][0m Driver proxy active, passing request on via HTTP proxy
[38;5;48m[AndroidUiautomator2Driver@cede (870a0821)][0m Replacing sessionId f1504c4c-baff-45bf-a5ad-3212ce6ad446 with 870a0821-a091-4a0b-8a21-0548917ba009
[38;5;0m[HTTP][0m [37m<-- GET /wd/hub/session/870a0821-a091-4a0b-8a21-0548917ba009/source [39m[32m200[39m [90m847 ms - 4092[39m
[38;5;0m[HTTP][0m [90m[39m
[38;5;0m[HTTP][0m [37m-->[39m [37mGET[39m [37m/wd/hub/session/870a0821-a091-4a0b-8a21-0548917ba009/screenshot[39m
[38;5;0m[HTTP][0m [90m{}[39m
[38;5;0m[HTTP][0m [37m<-- GET /wd/hub/session/870a0821-a091-4a0b-8a21-0548917ba009/screenshot [39m[32m200[39m [90m879 ms - 363556[39m
[38;5;0m[HTTP][0m [90m[39m
[38;5;0m[HTTP][0m [37m-->[39m [37mGET[39m [37m/wd/hub/session/870a0821-a091-4a0b-8a21-0548917ba009/source[39m
[38;5;0m[HTTP][0m [90m{}[39m
[38;5;48m[AndroidUiautomator2Driver@cede (870a0821)][0m Driver proxy active, passing request on via HTTP proxy
[38;5;48m[AndroidUiautomator2Driver@cede (870a0821)][0m Replacing sessionId f1504c4c-baff-45bf-a5ad-3212ce6ad446 with 870a0821-a091-4a0b-8a21-0548917ba009
[38;5;0m[HTTP][0m [37m<-- GET /wd/hub/session/870a0821-a091-4a0b-8a21-0548917ba009/source [39m[32m200[39m [90m134 ms - 6073[39m
[38;5;0m[HTTP][0m [90m[39m
[38;5;0m[HTTP][0m [37m-->[39m [37mGET[39m [37m/wd/hub/session/870a0821-a091-4a0b-8a21-0548917ba009/screenshot[39m
[38;5;0m[HTTP][0m [90m{}[39m
[38;5;0m[HTTP][0m [37m<-- GET /wd/hub/session/870a0821-a091-4a0b-8a21-0548917ba009/screenshot [39m[32m200[39m [90m511 ms - 205464[39m
[38;5;0m[HTTP][0m [90m[39m
[38;5;0m[HTTP][0m [37m-->[39m [37mGET[39m [37m/wd/hub/session/870a0821-a091-4a0b-8a21-0548917ba009/source[39m
[38;5;0m[HTTP][0m [90m{}[39m
[38;5;48m[AndroidUiautomator2Driver@cede (870a0821)][0m Driver proxy active, passing request on via HTTP proxy
[38;5;48m[AndroidUiautomator2Driver@cede (870a0821)][0m Replacing sessionId f1504c4c-baff-45bf-a5ad-3212ce6ad446 with 870a0821-a091-4a0b-8a21-0548917ba009
[38;5;0m[HTTP][0m [37m<-- GET /wd/hub/session/870a0821-a091-4a0b-8a21-0548917ba009/source [39m[32m200[39m [90m141 ms - 7002[39m
[38;5;0m[HTTP][0m [90m[39m
[38;5;0m[HTTP][0m [37m-->[39m [37mGET[39m [37m/wd/hub/session/870a0821-a091-4a0b-8a21-0548917ba009/screenshot[39m
[38;5;0m[HTTP][0m [90m{}[39m
[38;5;0m[HTTP][0m [37m<-- GET /wd/hub/session/870a0821-a091-4a0b-8a21-0548917ba009/screenshot [39m[32m200[39m [90m514 ms - 227744[39m
[38;5;0m[HTTP][0m [90m[39m
[38;5;0m[HTTP][0m [37m-->[39m [37mPOST[39m [37m/wd/hub/session/870a0821-a091-4a0b-8a21-0548917ba009/elements[39m
[38;5;0m[HTTP][0m [90m{"using":"xpath","value":"//*[@class = 'android.widget.Button' and (@text = 'OK' or . = 'OK') and @resource-id = 'android:id/button1']"}[39m
[38;5;0m[HTTP][0m [37m<-- POST /wd/hub/session/870a0821-a091-4a0b-8a21-0548917ba009/elements [39m[32m200[39m [90m969 ms - 139[39m
[38;5;0m[HTTP][0m [90m[39m
[38;5;0m[HTTP][0m [37m-->[39m [37mDELETE[39m [37m/wd/hub/session/870a0821-a091-4a0b-8a21-0548917ba009[39m
[38;5;0m[HTTP][0m [90m{}[39m
[38;5;16m[AppiumDriver@9dff][0m Removing session 870a0821-a091-4a0b-8a21-0548917ba009 from our master session list
[38;5;48m[AndroidUiautomator2Driver@cede (870a0821)][0m Restoring hidden api policy to the device default configuration
[38;5;0m[HTTP][0m [37m<-- DELETE /wd/hub/session/870a0821-a091-4a0b-8a21-0548917ba009 [39m[32m200[39m [90m168 ms - 14[39m
